2025-07-14 20:02:36.553  INFO 20924 --- [main] com.mengnankk.Application                : Starting Application on mengnankk with PID 20924 (E:\github\dianping\target\classes started by ikeife in E:\github\dianping)
2025-07-14 20:02:36.557 DEBUG 20924 --- [main] com.mengnankk.Application                : Running with Spring Boot v2.3.12.RELEASE, Spring v5.2.15.RELEASE
2025-07-14 20:02:36.557  INFO 20924 --- [main] com.mengnankk.Application                : No active profile set, falling back to default profiles: default
2025-07-14 20:02:37.150  INFO 20924 --- [main] .s.d.r.c.RepositoryConfigurationDelegate : Multiple Spring Data modules found, entering strict repository configuration mode!
2025-07-14 20:02:37.152  INFO 20924 --- [main] .s.d.r.c.RepositoryConfigurationDelegate : Bootstrapping Spring Data Redis repositories in DEFAULT mode.
2025-07-14 20:02:37.176  INFO 20924 --- [main] .s.d.r.c.RepositoryConfigurationDelegate : Finished Spring Data repository scanning in 13ms. Found 0 Redis repository interfaces.
2025-07-14 20:02:37.648  INFO 20924 --- [main] o.s.b.w.embedded.tomcat.TomcatWebServer  : Tomcat initialized with port(s): 8081 (http)
2025-07-14 20:02:37.656  INFO 20924 --- [main] o.apache.catalina.core.StandardService   : Starting service [Tomcat]
2025-07-14 20:02:37.656  INFO 20924 --- [main] org.apache.catalina.core.StandardEngine  : Starting Servlet engine: [Apache Tomcat/9.0.46]
2025-07-14 20:02:37.750  INFO 20924 --- [main] o.a.c.c.C.[Tomcat].[localhost].[/]       : Initializing Spring embedded WebApplicationContext
2025-07-14 20:02:37.750  INFO 20924 --- [main] w.s.c.ServletWebServerApplicationContext : Root WebApplicationContext: initialization completed in 1156 ms
2025-07-14 20:02:37.758 ERROR 20924 --- [main] o.s.b.web.embedded.tomcat.TomcatStarter  : Error starting Tomcat context. Exception: org.springframework.beans.factory.BeanCreationException. Message: Error creating bean with name 'formContentFilter' defined in class path resource [org/springframework/boot/autoconfigure/web/servlet/WebMvcAutoConfiguration.class]: Bean instantiation via factory method failed; nested exception is org.springframework.beans.BeanInstantiationException: Failed to instantiate [org.springframework.boot.web.servlet.filter.OrderedFormContentFilter]: Factory method 'formContentFilter' threw exception; nested exception is java.lang.NoClassDefFoundError: com/fasterxml/jackson/core/util/JacksonFeature
2025-07-14 20:02:37.776  INFO 20924 --- [main] o.apache.catalina.core.StandardService   : Stopping service [Tomcat]
2025-07-14 20:02:37.783  WARN 20924 --- [main] ConfigServletWebServerApplicationContext : Exception encountered during context initialization - cancelling refresh attempt: org.springframework.context.ApplicationContextException: Unable to start web server; nested exception is org.springframework.boot.web.server.WebServerException: Unable to start embedded Tomcat
2025-07-14 20:02:37.790  INFO 20924 --- [main] ConditionEvaluationReportLoggingListener : 

Error starting ApplicationContext. To display the conditions report re-run your application with 'debug' enabled.
2025-07-14 20:02:37.802 ERROR 20924 --- [main] o.s.boot.SpringApplication               : Application run failed

org.springframework.context.ApplicationContextException: Unable to start web server; nested exception is org.springframework.boot.web.server.WebServerException: Unable to start embedded Tomcat
	at org.springframework.boot.web.servlet.context.ServletWebServerApplicationContext.onRefresh(ServletWebServerApplicationContext.java:161) ~[spring-boot-2.3.12.RELEASE.jar:2.3.12.RELEASE]
	at org.springframework.context.support.AbstractApplicationContext.refresh(AbstractApplicationContext.java:545) ~[spring-context-5.2.15.RELEASE.jar:5.2.15.RELEASE]
	at org.springframework.boot.web.servlet.context.ServletWebServerApplicationContext.refresh(ServletWebServerApplicationContext.java:143) ~[spring-boot-2.3.12.RELEASE.jar:2.3.12.RELEASE]
	at org.springframework.boot.SpringApplication.refresh(SpringApplication.java:755) ~[spring-boot-2.3.12.RELEASE.jar:2.3.12.RELEASE]
	at org.springframework.boot.SpringApplication.refresh(SpringApplication.java:747) ~[spring-boot-2.3.12.RELEASE.jar:2.3.12.RELEASE]
	at org.springframework.boot.SpringApplication.refreshContext(SpringApplication.java:402) ~[spring-boot-2.3.12.RELEASE.jar:2.3.12.RELEASE]
	at org.springframework.boot.SpringApplication.run(SpringApplication.java:312) ~[spring-boot-2.3.12.RELEASE.jar:2.3.12.RELEASE]
	at org.springframework.boot.SpringApplication.run(SpringApplication.java:1247) ~[spring-boot-2.3.12.RELEASE.jar:2.3.12.RELEASE]
	at org.springframework.boot.SpringApplication.run(SpringApplication.java:1236) ~[spring-boot-2.3.12.RELEASE.jar:2.3.12.RELEASE]
	at com.mengnankk.Application.main(Application.java:15) ~[classes/:na]
Caused by: org.springframework.boot.web.server.WebServerException: Unable to start embedded Tomcat
	at org.springframework.boot.web.embedded.tomcat.TomcatWebServer.initialize(TomcatWebServer.java:142) ~[spring-boot-2.3.12.RELEASE.jar:2.3.12.RELEASE]
	at org.springframework.boot.web.embedded.tomcat.TomcatWebServer.<init>(TomcatWebServer.java:104) ~[spring-boot-2.3.12.RELEASE.jar:2.3.12.RELEASE]
	at org.springframework.boot.web.embedded.tomcat.TomcatServletWebServerFactory.getTomcatWebServer(TomcatServletWebServerFactory.java:440) ~[spring-boot-2.3.12.RELEASE.jar:2.3.12.RELEASE]
	at org.springframework.boot.web.embedded.tomcat.TomcatServletWebServerFactory.getWebServer(TomcatServletWebServerFactory.java:193) ~[spring-boot-2.3.12.RELEASE.jar:2.3.12.RELEASE]
	at org.springframework.boot.web.servlet.context.ServletWebServerApplicationContext.createWebServer(ServletWebServerApplicationContext.java:178) ~[spring-boot-2.3.12.RELEASE.jar:2.3.12.RELEASE]
	at org.springframework.boot.web.servlet.context.ServletWebServerApplicationContext.onRefresh(ServletWebServerApplicationContext.java:158) ~[spring-boot-2.3.12.RELEASE.jar:2.3.12.RELEASE]
	... 9 common frames omitted
Caused by: org.springframework.beans.factory.BeanCreationException: Error creating bean with name 'formContentFilter' defined in class path resource [org/springframework/boot/autoconfigure/web/servlet/WebMvcAutoConfiguration.class]: Bean instantiation via factory method failed; nested exception is org.springframework.beans.BeanInstantiationException: Failed to instantiate [org.springframework.boot.web.servlet.filter.OrderedFormContentFilter]: Factory method 'formContentFilter' threw exception; nested exception is java.lang.NoClassDefFoundError: com/fasterxml/jackson/core/util/JacksonFeature
	at org.springframework.beans.factory.support.ConstructorResolver.instantiate(ConstructorResolver.java:657) ~[spring-beans-5.2.15.RELEASE.jar:5.2.15.RELEASE]
	at org.springframework.beans.factory.support.ConstructorResolver.instantiateUsingFactoryMethod(ConstructorResolver.java:485) ~[spring-beans-5.2.15.RELEASE.jar:5.2.15.RELEASE]
	at org.springframework.beans.factory.support.AbstractAutowireCapableBeanFactory.instantiateUsingFactoryMethod(AbstractAutowireCapableBeanFactory.java:1341) ~[spring-beans-5.2.15.RELEASE.jar:5.2.15.RELEASE]
	at org.springframework.beans.factory.support.AbstractAutowireCapableBeanFactory.createBeanInstance(AbstractAutowireCapableBeanFactory.java:1181) ~[spring-beans-5.2.15.RELEASE.jar:5.2.15.RELEASE]
	at org.springframework.beans.factory.support.AbstractAutowireCapableBeanFactory.doCreateBean(AbstractAutowireCapableBeanFactory.java:556) ~[spring-beans-5.2.15.RELEASE.jar:5.2.15.RELEASE]
	at org.springframework.beans.factory.support.AbstractAutowireCapableBeanFactory.createBean(AbstractAutowireCapableBeanFactory.java:516) ~[spring-beans-5.2.15.RELEASE.jar:5.2.15.RELEASE]
	at org.springframework.beans.factory.support.AbstractBeanFactory.lambda$doGetBean$0(AbstractBeanFactory.java:324) ~[spring-beans-5.2.15.RELEASE.jar:5.2.15.RELEASE]
	at org.springframework.beans.factory.support.DefaultSingletonBeanRegistry.getSingleton(DefaultSingletonBeanRegistry.java:234) ~[spring-beans-5.2.15.RELEASE.jar:5.2.15.RELEASE]
	at org.springframework.beans.factory.support.AbstractBeanFactory.doGetBean(AbstractBeanFactory.java:322) ~[spring-beans-5.2.15.RELEASE.jar:5.2.15.RELEASE]
	at org.springframework.beans.factory.support.AbstractBeanFactory.getBean(AbstractBeanFactory.java:207) ~[spring-beans-5.2.15.RELEASE.jar:5.2.15.RELEASE]
	at org.springframework.boot.web.servlet.ServletContextInitializerBeans.getOrderedBeansOfType(ServletContextInitializerBeans.java:211) ~[spring-boot-2.3.12.RELEASE.jar:2.3.12.RELEASE]
	at org.springframework.boot.web.servlet.ServletContextInitializerBeans.addAsRegistrationBean(ServletContextInitializerBeans.java:174) ~[spring-boot-2.3.12.RELEASE.jar:2.3.12.RELEASE]
	at org.springframework.boot.web.servlet.ServletContextInitializerBeans.addAsRegistrationBean(ServletContextInitializerBeans.java:169) ~[spring-boot-2.3.12.RELEASE.jar:2.3.12.RELEASE]
	at org.springframework.boot.web.servlet.ServletContextInitializerBeans.addAdaptableBeans(ServletContextInitializerBeans.java:154) ~[spring-boot-2.3.12.RELEASE.jar:2.3.12.RELEASE]
	at org.springframework.boot.web.servlet.ServletContextInitializerBeans.<init>(ServletContextInitializerBeans.java:86) ~[spring-boot-2.3.12.RELEASE.jar:2.3.12.RELEASE]
	at org.springframework.boot.web.servlet.context.ServletWebServerApplicationContext.getServletContextInitializerBeans(ServletWebServerApplicationContext.java:255) ~[spring-boot-2.3.12.RELEASE.jar:2.3.12.RELEASE]
	at org.springframework.boot.web.servlet.context.ServletWebServerApplicationContext.selfInitialize(ServletWebServerApplicationContext.java:229) ~[spring-boot-2.3.12.RELEASE.jar:2.3.12.RELEASE]
	at org.springframework.boot.web.embedded.tomcat.TomcatStarter.onStartup(TomcatStarter.java:53) ~[spring-boot-2.3.12.RELEASE.jar:2.3.12.RELEASE]
	at org.apache.catalina.core.StandardContext.startInternal(StandardContext.java:5161) ~[tomcat-embed-core-9.0.46.jar:9.0.46]
	at org.apache.catalina.util.LifecycleBase.start(LifecycleBase.java:183) ~[tomcat-embed-core-9.0.46.jar:9.0.46]
	at org.apache.catalina.core.ContainerBase$StartChild.call(ContainerBase.java:1384) ~[tomcat-embed-core-9.0.46.jar:9.0.46]
	at org.apache.catalina.core.ContainerBase$StartChild.call(ContainerBase.java:1374) ~[tomcat-embed-core-9.0.46.jar:9.0.46]
	at java.base/java.util.concurrent.FutureTask.run(FutureTask.java:264) ~[na:na]
	at org.apache.tomcat.util.threads.InlineExecutorService.execute(InlineExecutorService.java:75) ~[tomcat-embed-core-9.0.46.jar:9.0.46]
	at java.base/java.util.concurrent.AbstractExecutorService.submit(AbstractExecutorService.java:145) ~[na:na]
	at org.apache.catalina.core.ContainerBase.startInternal(ContainerBase.java:909) ~[tomcat-embed-core-9.0.46.jar:9.0.46]
	at org.apache.catalina.core.StandardHost.startInternal(StandardHost.java:829) ~[tomcat-embed-core-9.0.46.jar:9.0.46]
	at org.apache.catalina.util.LifecycleBase.start(LifecycleBase.java:183) ~[tomcat-embed-core-9.0.46.jar:9.0.46]
	at org.apache.catalina.core.ContainerBase$StartChild.call(ContainerBase.java:1384) ~[tomcat-embed-core-9.0.46.jar:9.0.46]
	at org.apache.catalina.core.ContainerBase$StartChild.call(ContainerBase.java:1374) ~[tomcat-embed-core-9.0.46.jar:9.0.46]
	at java.base/java.util.concurrent.FutureTask.run(FutureTask.java:264) ~[na:na]
	at org.apache.tomcat.util.threads.InlineExecutorService.execute(InlineExecutorService.java:75) ~[tomcat-embed-core-9.0.46.jar:9.0.46]
	at java.base/java.util.concurrent.AbstractExecutorService.submit(AbstractExecutorService.java:145) ~[na:na]
	at org.apache.catalina.core.ContainerBase.startInternal(ContainerBase.java:909) ~[tomcat-embed-core-9.0.46.jar:9.0.46]
	at org.apache.catalina.core.StandardEngine.startInternal(StandardEngine.java:262) ~[tomcat-embed-core-9.0.46.jar:9.0.46]
	at org.apache.catalina.util.LifecycleBase.start(LifecycleBase.java:183) ~[tomcat-embed-core-9.0.46.jar:9.0.46]
	at org.apache.catalina.core.StandardService.startInternal(StandardService.java:433) ~[tomcat-embed-core-9.0.46.jar:9.0.46]
	at org.apache.catalina.util.LifecycleBase.start(LifecycleBase.java:183) ~[tomcat-embed-core-9.0.46.jar:9.0.46]
	at org.apache.catalina.core.StandardServer.startInternal(StandardServer.java:930) ~[tomcat-embed-core-9.0.46.jar:9.0.46]
	at org.apache.catalina.util.LifecycleBase.start(LifecycleBase.java:183) ~[tomcat-embed-core-9.0.46.jar:9.0.46]
	at org.apache.catalina.startup.Tomcat.start(Tomcat.java:486) ~[tomcat-embed-core-9.0.46.jar:9.0.46]
	at org.springframework.boot.web.embedded.tomcat.TomcatWebServer.initialize(TomcatWebServer.java:123) ~[spring-boot-2.3.12.RELEASE.jar:2.3.12.RELEASE]
	... 14 common frames omitted
Caused by: org.springframework.beans.BeanInstantiationException: Failed to instantiate [org.springframework.boot.web.servlet.filter.OrderedFormContentFilter]: Factory method 'formContentFilter' threw exception; nested exception is java.lang.NoClassDefFoundError: com/fasterxml/jackson/core/util/JacksonFeature
	at org.springframework.beans.factory.support.SimpleInstantiationStrategy.instantiate(SimpleInstantiationStrategy.java:185) ~[spring-beans-5.2.15.RELEASE.jar:5.2.15.RELEASE]
	at org.springframework.beans.factory.support.ConstructorResolver.instantiate(ConstructorResolver.java:652) ~[spring-beans-5.2.15.RELEASE.jar:5.2.15.RELEASE]
	... 55 common frames omitted
Caused by: java.lang.NoClassDefFoundError: com/fasterxml/jackson/core/util/JacksonFeature
	at com.fasterxml.jackson.databind.cfg.DatatypeFeatures.defaultFeatures(DatatypeFeatures.java:33) ~[jackson-databind-2.16.0.jar:2.16.0]
	at com.fasterxml.jackson.databind.ObjectMapper.<init>(ObjectMapper.java:699) ~[jackson-databind-2.16.0.jar:2.16.0]
	at com.fasterxml.jackson.databind.ObjectMapper.<init>(ObjectMapper.java:603) ~[jackson-databind-2.16.0.jar:2.16.0]
	at org.springframework.http.converter.json.Jackson2ObjectMapperBuilder.build(Jackson2ObjectMapperBuilder.java:650) ~[spring-web-5.2.15.RELEASE.jar:5.2.15.RELEASE]
	at org.springframework.http.converter.json.MappingJackson2HttpMessageConverter.<init>(MappingJackson2HttpMessageConverter.java:59) ~[spring-web-5.2.15.RELEASE.jar:5.2.15.RELEASE]
	at org.springframework.http.converter.support.AllEncompassingFormHttpMessageConverter.<init>(AllEncompassingFormHttpMessageConverter.java:76) ~[spring-web-5.2.15.RELEASE.jar:5.2.15.RELEASE]
	at org.springframework.web.filter.FormContentFilter.<init>(FormContentFilter.java:61) ~[spring-web-5.2.15.RELEASE.jar:5.2.15.RELEASE]
	at org.springframework.boot.web.servlet.filter.OrderedFormContentFilter.<init>(OrderedFormContentFilter.java:29) ~[spring-boot-2.3.12.RELEASE.jar:2.3.12.RELEASE]
	at org.springframework.boot.autoconfigure.web.servlet.WebMvcAutoConfiguration.formContentFilter(WebMvcAutoConfiguration.java:178) ~[spring-boot-autoconfigure-2.3.12.RELEASE.jar:2.3.12.RELEASE]
	at java.base/jdk.internal.reflect.NativeMethodAccessorImpl.invoke0(Native Method) ~[na:na]
	at java.base/jdk.internal.reflect.NativeMethodAccessorImpl.invoke(NativeMethodAccessorImpl.java:77) ~[na:na]
	at java.base/jdk.internal.reflect.DelegatingMethodAccessorImpl.invoke(DelegatingMethodAccessorImpl.java:43) ~[na:na]
	at java.base/java.lang.reflect.Method.invoke(Method.java:568) ~[na:na]
	at org.springframework.beans.factory.support.SimpleInstantiationStrategy.instantiate(SimpleInstantiationStrategy.java:154) ~[spring-beans-5.2.15.RELEASE.jar:5.2.15.RELEASE]
	... 56 common frames omitted
Caused by: java.lang.ClassNotFoundException: com.fasterxml.jackson.core.util.JacksonFeature
	at java.base/jdk.internal.loader.BuiltinClassLoader.loadClass(BuiltinClassLoader.java:641) ~[na:na]
	at java.base/jdk.internal.loader.ClassLoaders$AppClassLoader.loadClass(ClassLoaders.java:188) ~[na:na]
	at java.base/java.lang.ClassLoader.loadClass(ClassLoader.java:520) ~[na:na]
	... 70 common frames omitted

2025-07-14 20:05:31.716  INFO 9708 --- [main] com.mengnankk.Application                : Starting Application on mengnankk with PID 9708 (E:\github\dianping\target\classes started by ikeife in E:\github\dianping)
2025-07-14 20:05:31.718 DEBUG 9708 --- [main] com.mengnankk.Application                : Running with Spring Boot v2.3.12.RELEASE, Spring v5.2.15.RELEASE
2025-07-14 20:05:31.719  INFO 9708 --- [main] com.mengnankk.Application                : No active profile set, falling back to default profiles: default
2025-07-14 20:05:32.258  INFO 9708 --- [main] .s.d.r.c.RepositoryConfigurationDelegate : Multiple Spring Data modules found, entering strict repository configuration mode!
2025-07-14 20:05:32.259  INFO 9708 --- [main] .s.d.r.c.RepositoryConfigurationDelegate : Bootstrapping Spring Data Redis repositories in DEFAULT mode.
2025-07-14 20:05:32.279  INFO 9708 --- [main] .s.d.r.c.RepositoryConfigurationDelegate : Finished Spring Data repository scanning in 13ms. Found 0 Redis repository interfaces.
2025-07-14 20:05:32.684  INFO 9708 --- [main] o.s.b.w.embedded.tomcat.TomcatWebServer  : Tomcat initialized with port(s): 8081 (http)
2025-07-14 20:05:32.696  INFO 9708 --- [main] o.apache.catalina.core.StandardService   : Starting service [Tomcat]
2025-07-14 20:05:32.696  INFO 9708 --- [main] org.apache.catalina.core.StandardEngine  : Starting Servlet engine: [Apache Tomcat/9.0.46]
2025-07-14 20:05:32.779  INFO 9708 --- [main] o.a.c.c.C.[Tomcat].[localhost].[/]       : Initializing Spring embedded WebApplicationContext
2025-07-14 20:05:32.780  INFO 9708 --- [main] w.s.c.ServletWebServerApplicationContext : Root WebApplicationContext: initialization completed in 1023 ms
2025-07-14 20:05:33.351  WARN 9708 --- [main] c.b.m.core.metadata.TableInfoHelper      : Can not find table primary key in Class: "java.security.Permission".
2025-07-14 20:05:33.351  WARN 9708 --- [main] c.b.m.core.injector.DefaultSqlInjector   : class java.security.Permission ,Not found @TableId annotation, Cannot use Mybatis-Plus 'xxById' Method.
2025-07-14 20:05:33.640  WARN 9708 --- [main] ConfigServletWebServerApplicationContext : Exception encountered during context initialization - cancelling refresh attempt: org.springframework.beans.factory.UnsatisfiedDependencyException: Error creating bean with name 'seckillVoucherConsumer': Unsatisfied dependency expressed through field 'couponService'; nested exception is org.springframework.beans.factory.BeanCreationException: Error creating bean with name 'couponServiceImpl' defined in file [E:\github\dianping\target\classes\com\mengnankk\service\Impl\CouponServiceImpl.class]: Instantiation of bean failed; nested exception is java.lang.ExceptionInInitializerError
2025-07-14 20:05:33.655  INFO 9708 --- [main] o.apache.catalina.core.StandardService   : Stopping service [Tomcat]
2025-07-14 20:05:33.662  INFO 9708 --- [main] ConditionEvaluationReportLoggingListener : 

Error starting ApplicationContext. To display the conditions report re-run your application with 'debug' enabled.
2025-07-14 20:05:33.670 ERROR 9708 --- [main] o.s.boot.SpringApplication               : Application run failed

org.springframework.beans.factory.UnsatisfiedDependencyException: Error creating bean with name 'seckillVoucherConsumer': Unsatisfied dependency expressed through field 'couponService'; nested exception is org.springframework.beans.factory.BeanCreationException: Error creating bean with name 'couponServiceImpl' defined in file [E:\github\dianping\target\classes\com\mengnankk\service\Impl\CouponServiceImpl.class]: Instantiation of bean failed; nested exception is java.lang.ExceptionInInitializerError
	at org.springframework.beans.factory.annotation.AutowiredAnnotationBeanPostProcessor$AutowiredFieldElement.resolveFieldValue(AutowiredAnnotationBeanPostProcessor.java:660) ~[spring-beans-5.2.15.RELEASE.jar:5.2.15.RELEASE]
	at org.springframework.beans.factory.annotation.AutowiredAnnotationBeanPostProcessor$AutowiredFieldElement.inject(AutowiredAnnotationBeanPostProcessor.java:640) ~[spring-beans-5.2.15.RELEASE.jar:5.2.15.RELEASE]
	at org.springframework.beans.factory.annotation.InjectionMetadata.inject(InjectionMetadata.java:119) ~[spring-beans-5.2.15.RELEASE.jar:5.2.15.RELEASE]
	at org.springframework.beans.factory.annotation.AutowiredAnnotationBeanPostProcessor.postProcessProperties(AutowiredAnnotationBeanPostProcessor.java:399) ~[spring-beans-5.2.15.RELEASE.jar:5.2.15.RELEASE]
	at org.springframework.beans.factory.support.AbstractAutowireCapableBeanFactory.populateBean(AbstractAutowireCapableBeanFactory.java:1425) ~[spring-beans-5.2.15.RELEASE.jar:5.2.15.RELEASE]
	at org.springframework.beans.factory.support.AbstractAutowireCapableBeanFactory.doCreateBean(AbstractAutowireCapableBeanFactory.java:593) ~[spring-beans-5.2.15.RELEASE.jar:5.2.15.RELEASE]
	at org.springframework.beans.factory.support.AbstractAutowireCapableBeanFactory.createBean(AbstractAutowireCapableBeanFactory.java:516) ~[spring-beans-5.2.15.RELEASE.jar:5.2.15.RELEASE]
	at org.springframework.beans.factory.support.AbstractBeanFactory.lambda$doGetBean$0(AbstractBeanFactory.java:324) ~[spring-beans-5.2.15.RELEASE.jar:5.2.15.RELEASE]
	at org.springframework.beans.factory.support.DefaultSingletonBeanRegistry.getSingleton(DefaultSingletonBeanRegistry.java:234) ~[spring-beans-5.2.15.RELEASE.jar:5.2.15.RELEASE]
	at org.springframework.beans.factory.support.AbstractBeanFactory.doGetBean(AbstractBeanFactory.java:322) ~[spring-beans-5.2.15.RELEASE.jar:5.2.15.RELEASE]
	at org.springframework.beans.factory.support.AbstractBeanFactory.getBean(AbstractBeanFactory.java:202) ~[spring-beans-5.2.15.RELEASE.jar:5.2.15.RELEASE]
	at org.springframework.beans.factory.support.DefaultListableBeanFactory.preInstantiateSingletons(DefaultListableBeanFactory.java:897) ~[spring-beans-5.2.15.RELEASE.jar:5.2.15.RELEASE]
	at org.springframework.context.support.AbstractApplicationContext.finishBeanFactoryInitialization(AbstractApplicationContext.java:879) ~[spring-context-5.2.15.RELEASE.jar:5.2.15.RELEASE]
	at org.springframework.context.support.AbstractApplicationContext.refresh(AbstractApplicationContext.java:551) ~[spring-context-5.2.15.RELEASE.jar:5.2.15.RELEASE]
	at org.springframework.boot.web.servlet.context.ServletWebServerApplicationContext.refresh(ServletWebServerApplicationContext.java:143) ~[spring-boot-2.3.12.RELEASE.jar:2.3.12.RELEASE]
	at org.springframework.boot.SpringApplication.refresh(SpringApplication.java:755) ~[spring-boot-2.3.12.RELEASE.jar:2.3.12.RELEASE]
	at org.springframework.boot.SpringApplication.refresh(SpringApplication.java:747) ~[spring-boot-2.3.12.RELEASE.jar:2.3.12.RELEASE]
	at org.springframework.boot.SpringApplication.refreshContext(SpringApplication.java:402) ~[spring-boot-2.3.12.RELEASE.jar:2.3.12.RELEASE]
	at org.springframework.boot.SpringApplication.run(SpringApplication.java:312) ~[spring-boot-2.3.12.RELEASE.jar:2.3.12.RELEASE]
	at org.springframework.boot.SpringApplication.run(SpringApplication.java:1247) ~[spring-boot-2.3.12.RELEASE.jar:2.3.12.RELEASE]
	at org.springframework.boot.SpringApplication.run(SpringApplication.java:1236) ~[spring-boot-2.3.12.RELEASE.jar:2.3.12.RELEASE]
	at com.mengnankk.Application.main(Application.java:15) ~[classes/:na]
Caused by: org.springframework.beans.factory.BeanCreationException: Error creating bean with name 'couponServiceImpl' defined in file [E:\github\dianping\target\classes\com\mengnankk\service\Impl\CouponServiceImpl.class]: Instantiation of bean failed; nested exception is java.lang.ExceptionInInitializerError
	at org.springframework.beans.factory.support.AbstractAutowireCapableBeanFactory.instantiateBean(AbstractAutowireCapableBeanFactory.java:1323) ~[spring-beans-5.2.15.RELEASE.jar:5.2.15.RELEASE]
	at org.springframework.beans.factory.support.AbstractAutowireCapableBeanFactory.createBeanInstance(AbstractAutowireCapableBeanFactory.java:1218) ~[spring-beans-5.2.15.RELEASE.jar:5.2.15.RELEASE]
	at org.springframework.beans.factory.support.AbstractAutowireCapableBeanFactory.doCreateBean(AbstractAutowireCapableBeanFactory.java:556) ~[spring-beans-5.2.15.RELEASE.jar:5.2.15.RELEASE]
	at org.springframework.beans.factory.support.AbstractAutowireCapableBeanFactory.createBean(AbstractAutowireCapableBeanFactory.java:516) ~[spring-beans-5.2.15.RELEASE.jar:5.2.15.RELEASE]
	at org.springframework.beans.factory.support.AbstractBeanFactory.lambda$doGetBean$0(AbstractBeanFactory.java:324) ~[spring-beans-5.2.15.RELEASE.jar:5.2.15.RELEASE]
	at org.springframework.beans.factory.support.DefaultSingletonBeanRegistry.getSingleton(DefaultSingletonBeanRegistry.java:234) ~[spring-beans-5.2.15.RELEASE.jar:5.2.15.RELEASE]
	at org.springframework.beans.factory.support.AbstractBeanFactory.doGetBean(AbstractBeanFactory.java:322) ~[spring-beans-5.2.15.RELEASE.jar:5.2.15.RELEASE]
	at org.springframework.beans.factory.support.AbstractBeanFactory.getBean(AbstractBeanFactory.java:202) ~[spring-beans-5.2.15.RELEASE.jar:5.2.15.RELEASE]
	at org.springframework.beans.factory.config.DependencyDescriptor.resolveCandidate(DependencyDescriptor.java:276) ~[spring-beans-5.2.15.RELEASE.jar:5.2.15.RELEASE]
	at org.springframework.beans.factory.support.DefaultListableBeanFactory.doResolveDependency(DefaultListableBeanFactory.java:1307) ~[spring-beans-5.2.15.RELEASE.jar:5.2.15.RELEASE]
	at org.springframework.beans.factory.support.DefaultListableBeanFactory.resolveDependency(DefaultListableBeanFactory.java:1227) ~[spring-beans-5.2.15.RELEASE.jar:5.2.15.RELEASE]
	at org.springframework.beans.factory.annotation.AutowiredAnnotationBeanPostProcessor$AutowiredFieldElement.resolveFieldValue(AutowiredAnnotationBeanPostProcessor.java:657) ~[spring-beans-5.2.15.RELEASE.jar:5.2.15.RELEASE]
	... 21 common frames omitted
Caused by: java.lang.ExceptionInInitializerError: null
	at java.base/jdk.internal.reflect.NativeConstructorAccessorImpl.newInstance0(Native Method) ~[na:na]
	at java.base/jdk.internal.reflect.NativeConstructorAccessorImpl.newInstance(NativeConstructorAccessorImpl.java:77) ~[na:na]
	at java.base/jdk.internal.reflect.DelegatingConstructorAccessorImpl.newInstance(DelegatingConstructorAccessorImpl.java:45) ~[na:na]
	at java.base/java.lang.reflect.Constructor.newInstanceWithCaller(Constructor.java:499) ~[na:na]
	at java.base/java.lang.reflect.Constructor.newInstance(Constructor.java:480) ~[na:na]
	at org.springframework.beans.BeanUtils.instantiateClass(BeanUtils.java:204) ~[spring-beans-5.2.15.RELEASE.jar:5.2.15.RELEASE]
	at org.springframework.beans.factory.support.SimpleInstantiationStrategy.instantiate(SimpleInstantiationStrategy.java:87) ~[spring-beans-5.2.15.RELEASE.jar:5.2.15.RELEASE]
	at org.springframework.beans.factory.support.AbstractAutowireCapableBeanFactory.instantiateBean(AbstractAutowireCapableBeanFactory.java:1315) ~[spring-beans-5.2.15.RELEASE.jar:5.2.15.RELEASE]
	... 32 common frames omitted
Caused by: cn.hutool.core.io.resource.NoResourceException: Resource of path [lua/seckill.lua] not exist!
	at cn.hutool.core.io.resource.ClassPathResource.initUrl(ClassPathResource.java:122) ~[hutool-all-5.7.17.jar:na]
	at cn.hutool.core.io.resource.ClassPathResource.<init>(ClassPathResource.java:74) ~[hutool-all-5.7.17.jar:na]
	at cn.hutool.core.io.resource.ClassPathResource.<init>(ClassPathResource.java:34) ~[hutool-all-5.7.17.jar:na]
	at com.mengnankk.service.Impl.CouponServiceImpl.<clinit>(CouponServiceImpl.java:68) ~[classes/:na]
	... 40 common frames omitted

2025-07-14 20:07:31.532  INFO 17312 --- [main] com.mengnankk.Application                : Starting Application on mengnankk with PID 17312 (E:\github\dianping\target\classes started by ikeife in E:\github\dianping)
2025-07-14 20:07:31.534 DEBUG 17312 --- [main] com.mengnankk.Application                : Running with Spring Boot v2.3.12.RELEASE, Spring v5.2.15.RELEASE
2025-07-14 20:07:31.536  INFO 17312 --- [main] com.mengnankk.Application                : No active profile set, falling back to default profiles: default
2025-07-14 20:07:32.184  INFO 17312 --- [main] .s.d.r.c.RepositoryConfigurationDelegate : Multiple Spring Data modules found, entering strict repository configuration mode!
2025-07-14 20:07:32.186  INFO 17312 --- [main] .s.d.r.c.RepositoryConfigurationDelegate : Bootstrapping Spring Data Redis repositories in DEFAULT mode.
2025-07-14 20:07:32.224  INFO 17312 --- [main] .s.d.r.c.RepositoryConfigurationDelegate : Finished Spring Data repository scanning in 20ms. Found 0 Redis repository interfaces.
2025-07-14 20:07:32.922  INFO 17312 --- [main] o.s.b.w.embedded.tomcat.TomcatWebServer  : Tomcat initialized with port(s): 8081 (http)
2025-07-14 20:07:32.935  INFO 17312 --- [main] o.apache.catalina.core.StandardService   : Starting service [Tomcat]
2025-07-14 20:07:32.936  INFO 17312 --- [main] org.apache.catalina.core.StandardEngine  : Starting Servlet engine: [Apache Tomcat/9.0.46]
2025-07-14 20:07:33.069  INFO 17312 --- [main] o.a.c.c.C.[Tomcat].[localhost].[/]       : Initializing Spring embedded WebApplicationContext
2025-07-14 20:07:33.069  INFO 17312 --- [main] w.s.c.ServletWebServerApplicationContext : Root WebApplicationContext: initialization completed in 1494 ms
2025-07-14 20:07:33.692  WARN 17312 --- [main] ConfigServletWebServerApplicationContext : Exception encountered during context initialization - cancelling refresh attempt: org.springframework.beans.factory.UnsatisfiedDependencyException: Error creating bean with name 'secuityConfig': Unsatisfied dependency expressed through field 'jwtInterceptor'; nested exception is org.springframework.beans.factory.UnsatisfiedDependencyException: Error creating bean with name 'jwtInterceptor': Unsatisfied dependency expressed through field 'userMapper'; nested exception is org.springframework.beans.factory.UnsatisfiedDependencyException: Error creating bean with name 'userMapper' defined in file [E:\github\dianping\target\classes\com\mengnankk\mapper\UserMapper.class]: Unsatisfied dependency expressed through bean property 'sqlSessionFactory'; nested exception is org.springframework.beans.factory.BeanCreationException: Error creating bean with name 'sqlSessionFactory' defined in class path resource [com/baomidou/mybatisplus/autoconfigure/MybatisPlusAutoConfiguration.class]: Bean instantiation via factory method failed; nested exception is org.springframework.beans.BeanInstantiationException: Failed to instantiate [org.apache.ibatis.session.SqlSessionFactory]: Factory method 'sqlSessionFactory' threw exception; nested exception is java.io.IOException: Failed to parse mapping resource: 'file [E:\github\dianping\target\classes\mapper\PermissionMapper.xml]'
2025-07-14 20:07:33.704  INFO 17312 --- [main] o.apache.catalina.core.StandardService   : Stopping service [Tomcat]
2025-07-14 20:07:33.712  INFO 17312 --- [main] ConditionEvaluationReportLoggingListener : 

Error starting ApplicationContext. To display the conditions report re-run your application with 'debug' enabled.
2025-07-14 20:07:33.722 ERROR 17312 --- [main] o.s.boot.SpringApplication               : Application run failed

org.springframework.beans.factory.UnsatisfiedDependencyException: Error creating bean with name 'secuityConfig': Unsatisfied dependency expressed through field 'jwtInterceptor'; nested exception is org.springframework.beans.factory.UnsatisfiedDependencyException: Error creating bean with name 'jwtInterceptor': Unsatisfied dependency expressed through field 'userMapper'; nested exception is org.springframework.beans.factory.UnsatisfiedDependencyException: Error creating bean with name 'userMapper' defined in file [E:\github\dianping\target\classes\com\mengnankk\mapper\UserMapper.class]: Unsatisfied dependency expressed through bean property 'sqlSessionFactory'; nested exception is org.springframework.beans.factory.BeanCreationException: Error creating bean with name 'sqlSessionFactory' defined in class path resource [com/baomidou/mybatisplus/autoconfigure/MybatisPlusAutoConfiguration.class]: Bean instantiation via factory method failed; nested exception is org.springframework.beans.BeanInstantiationException: Failed to instantiate [org.apache.ibatis.session.SqlSessionFactory]: Factory method 'sqlSessionFactory' threw exception; nested exception is java.io.IOException: Failed to parse mapping resource: 'file [E:\github\dianping\target\classes\mapper\PermissionMapper.xml]'
	at org.springframework.beans.factory.annotation.AutowiredAnnotationBeanPostProcessor$AutowiredFieldElement.resolveFieldValue(AutowiredAnnotationBeanPostProcessor.java:660) ~[spring-beans-5.2.15.RELEASE.jar:5.2.15.RELEASE]
	at org.springframework.beans.factory.annotation.AutowiredAnnotationBeanPostProcessor$AutowiredFieldElement.inject(AutowiredAnnotationBeanPostProcessor.java:640) ~[spring-beans-5.2.15.RELEASE.jar:5.2.15.RELEASE]
	at org.springframework.beans.factory.annotation.InjectionMetadata.inject(InjectionMetadata.java:119) ~[spring-beans-5.2.15.RELEASE.jar:5.2.15.RELEASE]
	at org.springframework.beans.factory.annotation.AutowiredAnnotationBeanPostProcessor.postProcessProperties(AutowiredAnnotationBeanPostProcessor.java:399) ~[spring-beans-5.2.15.RELEASE.jar:5.2.15.RELEASE]
	at org.springframework.beans.factory.support.AbstractAutowireCapableBeanFactory.populateBean(AbstractAutowireCapableBeanFactory.java:1425) ~[spring-beans-5.2.15.RELEASE.jar:5.2.15.RELEASE]
	at org.springframework.beans.factory.support.AbstractAutowireCapableBeanFactory.doCreateBean(AbstractAutowireCapableBeanFactory.java:593) ~[spring-beans-5.2.15.RELEASE.jar:5.2.15.RELEASE]
	at org.springframework.beans.factory.support.AbstractAutowireCapableBeanFactory.createBean(AbstractAutowireCapableBeanFactory.java:516) ~[spring-beans-5.2.15.RELEASE.jar:5.2.15.RELEASE]
	at org.springframework.beans.factory.support.AbstractBeanFactory.lambda$doGetBean$0(AbstractBeanFactory.java:324) ~[spring-beans-5.2.15.RELEASE.jar:5.2.15.RELEASE]
	at org.springframework.beans.factory.support.DefaultSingletonBeanRegistry.getSingleton(DefaultSingletonBeanRegistry.java:234) ~[spring-beans-5.2.15.RELEASE.jar:5.2.15.RELEASE]
	at org.springframework.beans.factory.support.AbstractBeanFactory.doGetBean(AbstractBeanFactory.java:322) ~[spring-beans-5.2.15.RELEASE.jar:5.2.15.RELEASE]
	at org.springframework.beans.factory.support.AbstractBeanFactory.getBean(AbstractBeanFactory.java:202) ~[spring-beans-5.2.15.RELEASE.jar:5.2.15.RELEASE]
	at org.springframework.beans.factory.support.DefaultListableBeanFactory.preInstantiateSingletons(DefaultListableBeanFactory.java:897) ~[spring-beans-5.2.15.RELEASE.jar:5.2.15.RELEASE]
	at org.springframework.context.support.AbstractApplicationContext.finishBeanFactoryInitialization(AbstractApplicationContext.java:879) ~[spring-context-5.2.15.RELEASE.jar:5.2.15.RELEASE]
	at org.springframework.context.support.AbstractApplicationContext.refresh(AbstractApplicationContext.java:551) ~[spring-context-5.2.15.RELEASE.jar:5.2.15.RELEASE]
	at org.springframework.boot.web.servlet.context.ServletWebServerApplicationContext.refresh(ServletWebServerApplicationContext.java:143) ~[spring-boot-2.3.12.RELEASE.jar:2.3.12.RELEASE]
	at org.springframework.boot.SpringApplication.refresh(SpringApplication.java:755) ~[spring-boot-2.3.12.RELEASE.jar:2.3.12.RELEASE]
	at org.springframework.boot.SpringApplication.refresh(SpringApplication.java:747) ~[spring-boot-2.3.12.RELEASE.jar:2.3.12.RELEASE]
	at org.springframework.boot.SpringApplication.refreshContext(SpringApplication.java:402) ~[spring-boot-2.3.12.RELEASE.jar:2.3.12.RELEASE]
	at org.springframework.boot.SpringApplication.run(SpringApplication.java:312) ~[spring-boot-2.3.12.RELEASE.jar:2.3.12.RELEASE]
	at org.springframework.boot.SpringApplication.run(SpringApplication.java:1247) ~[spring-boot-2.3.12.RELEASE.jar:2.3.12.RELEASE]
	at org.springframework.boot.SpringApplication.run(SpringApplication.java:1236) ~[spring-boot-2.3.12.RELEASE.jar:2.3.12.RELEASE]
	at com.mengnankk.Application.main(Application.java:15) ~[classes/:na]
Caused by: org.springframework.beans.factory.UnsatisfiedDependencyException: Error creating bean with name 'jwtInterceptor': Unsatisfied dependency expressed through field 'userMapper'; nested exception is org.springframework.beans.factory.UnsatisfiedDependencyException: Error creating bean with name 'userMapper' defined in file [E:\github\dianping\target\classes\com\mengnankk\mapper\UserMapper.class]: Unsatisfied dependency expressed through bean property 'sqlSessionFactory'; nested exception is org.springframework.beans.factory.BeanCreationException: Error creating bean with name 'sqlSessionFactory' defined in class path resource [com/baomidou/mybatisplus/autoconfigure/MybatisPlusAutoConfiguration.class]: Bean instantiation via factory method failed; nested exception is org.springframework.beans.BeanInstantiationException: Failed to instantiate [org.apache.ibatis.session.SqlSessionFactory]: Factory method 'sqlSessionFactory' threw exception; nested exception is java.io.IOException: Failed to parse mapping resource: 'file [E:\github\dianping\target\classes\mapper\PermissionMapper.xml]'
	at org.springframework.beans.factory.annotation.AutowiredAnnotationBeanPostProcessor$AutowiredFieldElement.resolveFieldValue(AutowiredAnnotationBeanPostProcessor.java:660) ~[spring-beans-5.2.15.RELEASE.jar:5.2.15.RELEASE]
	at org.springframework.beans.factory.annotation.AutowiredAnnotationBeanPostProcessor$AutowiredFieldElement.inject(AutowiredAnnotationBeanPostProcessor.java:640) ~[spring-beans-5.2.15.RELEASE.jar:5.2.15.RELEASE]
	at org.springframework.beans.factory.annotation.InjectionMetadata.inject(InjectionMetadata.java:119) ~[spring-beans-5.2.15.RELEASE.jar:5.2.15.RELEASE]
	at org.springframework.beans.factory.annotation.AutowiredAnnotationBeanPostProcessor.postProcessProperties(AutowiredAnnotationBeanPostProcessor.java:399) ~[spring-beans-5.2.15.RELEASE.jar:5.2.15.RELEASE]
	at org.springframework.beans.factory.support.AbstractAutowireCapableBeanFactory.populateBean(AbstractAutowireCapableBeanFactory.java:1425) ~[spring-beans-5.2.15.RELEASE.jar:5.2.15.RELEASE]
	at org.springframework.beans.factory.support.AbstractAutowireCapableBeanFactory.doCreateBean(AbstractAutowireCapableBeanFactory.java:593) ~[spring-beans-5.2.15.RELEASE.jar:5.2.15.RELEASE]
	at org.springframework.beans.factory.support.AbstractAutowireCapableBeanFactory.createBean(AbstractAutowireCapableBeanFactory.java:516) ~[spring-beans-5.2.15.RELEASE.jar:5.2.15.RELEASE]
	at org.springframework.beans.factory.support.AbstractBeanFactory.lambda$doGetBean$0(AbstractBeanFactory.java:324) ~[spring-beans-5.2.15.RELEASE.jar:5.2.15.RELEASE]
	at org.springframework.beans.factory.support.DefaultSingletonBeanRegistry.getSingleton(DefaultSingletonBeanRegistry.java:234) ~[spring-beans-5.2.15.RELEASE.jar:5.2.15.RELEASE]
	at org.springframework.beans.factory.support.AbstractBeanFactory.doGetBean(AbstractBeanFactory.java:322) ~[spring-beans-5.2.15.RELEASE.jar:5.2.15.RELEASE]
	at org.springframework.beans.factory.support.AbstractBeanFactory.getBean(AbstractBeanFactory.java:202) ~[spring-beans-5.2.15.RELEASE.jar:5.2.15.RELEASE]
	at org.springframework.beans.factory.config.DependencyDescriptor.resolveCandidate(DependencyDescriptor.java:276) ~[spring-beans-5.2.15.RELEASE.jar:5.2.15.RELEASE]
	at org.springframework.beans.factory.support.DefaultListableBeanFactory.doResolveDependency(DefaultListableBeanFactory.java:1307) ~[spring-beans-5.2.15.RELEASE.jar:5.2.15.RELEASE]
	at org.springframework.beans.factory.support.DefaultListableBeanFactory.resolveDependency(DefaultListableBeanFactory.java:1227) ~[spring-beans-5.2.15.RELEASE.jar:5.2.15.RELEASE]
	at org.springframework.beans.factory.annotation.AutowiredAnnotationBeanPostProcessor$AutowiredFieldElement.resolveFieldValue(AutowiredAnnotationBeanPostProcessor.java:657) ~[spring-beans-5.2.15.RELEASE.jar:5.2.15.RELEASE]
	... 21 common frames omitted
Caused by: org.springframework.beans.factory.UnsatisfiedDependencyException: Error creating bean with name 'userMapper' defined in file [E:\github\dianping\target\classes\com\mengnankk\mapper\UserMapper.class]: Unsatisfied dependency expressed through bean property 'sqlSessionFactory'; nested exception is org.springframework.beans.factory.BeanCreationException: Error creating bean with name 'sqlSessionFactory' defined in class path resource [com/baomidou/mybatisplus/autoconfigure/MybatisPlusAutoConfiguration.class]: Bean instantiation via factory method failed; nested exception is org.springframework.beans.BeanInstantiationException: Failed to instantiate [org.apache.ibatis.session.SqlSessionFactory]: Factory method 'sqlSessionFactory' threw exception; nested exception is java.io.IOException: Failed to parse mapping resource: 'file [E:\github\dianping\target\classes\mapper\PermissionMapper.xml]'
	at org.springframework.beans.factory.support.AbstractAutowireCapableBeanFactory.autowireByType(AbstractAutowireCapableBeanFactory.java:1529) ~[spring-beans-5.2.15.RELEASE.jar:5.2.15.RELEASE]
	at org.springframework.beans.factory.support.AbstractAutowireCapableBeanFactory.populateBean(AbstractAutowireCapableBeanFactory.java:1409) ~[spring-beans-5.2.15.RELEASE.jar:5.2.15.RELEASE]
	at org.springframework.beans.factory.support.AbstractAutowireCapableBeanFactory.doCreateBean(AbstractAutowireCapableBeanFactory.java:593) ~[spring-beans-5.2.15.RELEASE.jar:5.2.15.RELEASE]
	at org.springframework.beans.factory.support.AbstractAutowireCapableBeanFactory.createBean(AbstractAutowireCapableBeanFactory.java:516) ~[spring-beans-5.2.15.RELEASE.jar:5.2.15.RELEASE]
	at org.springframework.beans.factory.support.AbstractBeanFactory.lambda$doGetBean$0(AbstractBeanFactory.java:324) ~[spring-beans-5.2.15.RELEASE.jar:5.2.15.RELEASE]
	at org.springframework.beans.factory.support.DefaultSingletonBeanRegistry.getSingleton(DefaultSingletonBeanRegistry.java:234) ~[spring-beans-5.2.15.RELEASE.jar:5.2.15.RELEASE]
	at org.springframework.beans.factory.support.AbstractBeanFactory.doGetBean(AbstractBeanFactory.java:322) ~[spring-beans-5.2.15.RELEASE.jar:5.2.15.RELEASE]
	at org.springframework.beans.factory.support.AbstractBeanFactory.getBean(AbstractBeanFactory.java:202) ~[spring-beans-5.2.15.RELEASE.jar:5.2.15.RELEASE]
	at org.springframework.beans.factory.config.DependencyDescriptor.resolveCandidate(DependencyDescriptor.java:276) ~[spring-beans-5.2.15.RELEASE.jar:5.2.15.RELEASE]
	at org.springframework.beans.factory.support.DefaultListableBeanFactory.doResolveDependency(DefaultListableBeanFactory.java:1307) ~[spring-beans-5.2.15.RELEASE.jar:5.2.15.RELEASE]
	at org.springframework.beans.factory.support.DefaultListableBeanFactory.resolveDependency(DefaultListableBeanFactory.java:1227) ~[spring-beans-5.2.15.RELEASE.jar:5.2.15.RELEASE]
	at org.springframework.beans.factory.annotation.AutowiredAnnotationBeanPostProcessor$AutowiredFieldElement.resolveFieldValue(AutowiredAnnotationBeanPostProcessor.java:657) ~[spring-beans-5.2.15.RELEASE.jar:5.2.15.RELEASE]
	... 35 common frames omitted
Caused by: org.springframework.beans.factory.BeanCreationException: Error creating bean with name 'sqlSessionFactory' defined in class path resource [com/baomidou/mybatisplus/autoconfigure/MybatisPlusAutoConfiguration.class]: Bean instantiation via factory method failed; nested exception is org.springframework.beans.BeanInstantiationException: Failed to instantiate [org.apache.ibatis.session.SqlSessionFactory]: Factory method 'sqlSessionFactory' threw exception; nested exception is java.io.IOException: Failed to parse mapping resource: 'file [E:\github\dianping\target\classes\mapper\PermissionMapper.xml]'
	at org.springframework.beans.factory.support.ConstructorResolver.instantiate(ConstructorResolver.java:657) ~[spring-beans-5.2.15.RELEASE.jar:5.2.15.RELEASE]
	at org.springframework.beans.factory.support.ConstructorResolver.instantiateUsingFactoryMethod(ConstructorResolver.java:637) ~[spring-beans-5.2.15.RELEASE.jar:5.2.15.RELEASE]
	at org.springframework.beans.factory.support.AbstractAutowireCapableBeanFactory.instantiateUsingFactoryMethod(AbstractAutowireCapableBeanFactory.java:1341) ~[spring-beans-5.2.15.RELEASE.jar:5.2.15.RELEASE]
	at org.springframework.beans.factory.support.AbstractAutowireCapableBeanFactory.createBeanInstance(AbstractAutowireCapableBeanFactory.java:1181) ~[spring-beans-5.2.15.RELEASE.jar:5.2.15.RELEASE]
	at org.springframework.beans.factory.support.AbstractAutowireCapableBeanFactory.doCreateBean(AbstractAutowireCapableBeanFactory.java:556) ~[spring-beans-5.2.15.RELEASE.jar:5.2.15.RELEASE]
	at org.springframework.beans.factory.support.AbstractAutowireCapableBeanFactory.createBean(AbstractAutowireCapableBeanFactory.java:516) ~[spring-beans-5.2.15.RELEASE.jar:5.2.15.RELEASE]
	at org.springframework.beans.factory.support.AbstractBeanFactory.lambda$doGetBean$0(AbstractBeanFactory.java:324) ~[spring-beans-5.2.15.RELEASE.jar:5.2.15.RELEASE]
	at org.springframework.beans.factory.support.DefaultSingletonBeanRegistry.getSingleton(DefaultSingletonBeanRegistry.java:234) ~[spring-beans-5.2.15.RELEASE.jar:5.2.15.RELEASE]
	at org.springframework.beans.factory.support.AbstractBeanFactory.doGetBean(AbstractBeanFactory.java:322) ~[spring-beans-5.2.15.RELEASE.jar:5.2.15.RELEASE]
	at org.springframework.beans.factory.support.AbstractBeanFactory.getBean(AbstractBeanFactory.java:202) ~[spring-beans-5.2.15.RELEASE.jar:5.2.15.RELEASE]
	at org.springframework.beans.factory.config.DependencyDescriptor.resolveCandidate(DependencyDescriptor.java:276) ~[spring-beans-5.2.15.RELEASE.jar:5.2.15.RELEASE]
	at org.springframework.beans.factory.support.DefaultListableBeanFactory.doResolveDependency(DefaultListableBeanFactory.java:1307) ~[spring-beans-5.2.15.RELEASE.jar:5.2.15.RELEASE]
	at org.springframework.beans.factory.support.DefaultListableBeanFactory.resolveDependency(DefaultListableBeanFactory.java:1227) ~[spring-beans-5.2.15.RELEASE.jar:5.2.15.RELEASE]
	at org.springframework.beans.factory.support.AbstractAutowireCapableBeanFactory.autowireByType(AbstractAutowireCapableBeanFactory.java:1514) ~[spring-beans-5.2.15.RELEASE.jar:5.2.15.RELEASE]
	... 46 common frames omitted
Caused by: org.springframework.beans.BeanInstantiationException: Failed to instantiate [org.apache.ibatis.session.SqlSessionFactory]: Factory method 'sqlSessionFactory' threw exception; nested exception is java.io.IOException: Failed to parse mapping resource: 'file [E:\github\dianping\target\classes\mapper\PermissionMapper.xml]'
	at org.springframework.beans.factory.support.SimpleInstantiationStrategy.instantiate(SimpleInstantiationStrategy.java:185) ~[spring-beans-5.2.15.RELEASE.jar:5.2.15.RELEASE]
	at org.springframework.beans.factory.support.ConstructorResolver.instantiate(ConstructorResolver.java:652) ~[spring-beans-5.2.15.RELEASE.jar:5.2.15.RELEASE]
	... 59 common frames omitted
Caused by: java.io.IOException: Failed to parse mapping resource: 'file [E:\github\dianping\target\classes\mapper\PermissionMapper.xml]'
	at com.baomidou.mybatisplus.extension.spring.MybatisSqlSessionFactoryBean.buildSqlSessionFactory(MybatisSqlSessionFactoryBean.java:564) ~[mybatis-plus-extension-3.5.5.jar:3.5.5]
	at com.baomidou.mybatisplus.extension.spring.MybatisSqlSessionFactoryBean.afterPropertiesSet(MybatisSqlSessionFactoryBean.java:437) ~[mybatis-plus-extension-3.5.5.jar:3.5.5]
	at com.baomidou.mybatisplus.extension.spring.MybatisSqlSessionFactoryBean.getObject(MybatisSqlSessionFactoryBean.java:595) ~[mybatis-plus-extension-3.5.5.jar:3.5.5]
	at com.baomidou.mybatisplus.autoconfigure.MybatisPlusAutoConfiguration.sqlSessionFactory(MybatisPlusAutoConfiguration.java:224) ~[mybatis-plus-spring-boot-autoconfigure-3.5.5.jar:3.5.5]
	at java.base/jdk.internal.reflect.NativeMethodAccessorImpl.invoke0(Native Method) ~[na:na]
	at java.base/jdk.internal.reflect.NativeMethodAccessorImpl.invoke(NativeMethodAccessorImpl.java:77) ~[na:na]
	at java.base/jdk.internal.reflect.DelegatingMethodAccessorImpl.invoke(DelegatingMethodAccessorImpl.java:43) ~[na:na]
	at java.base/java.lang.reflect.Method.invoke(Method.java:568) ~[na:na]
	at org.springframework.beans.factory.support.SimpleInstantiationStrategy.instantiate(SimpleInstantiationStrategy.java:154) ~[spring-beans-5.2.15.RELEASE.jar:5.2.15.RELEASE]
	... 60 common frames omitted
Caused by: java.lang.reflect.InaccessibleObjectException: Unable to make field private java.lang.String java.security.Permission.name accessible: module java.base does not "opens java.security" to unnamed module @815b41f
	at java.base/java.lang.reflect.AccessibleObject.checkCanSetAccessible(AccessibleObject.java:354) ~[na:na]
	at java.base/java.lang.reflect.AccessibleObject.checkCanSetAccessible(AccessibleObject.java:297) ~[na:na]
	at java.base/java.lang.reflect.Field.checkCanSetAccessible(Field.java:178) ~[na:na]
	at java.base/java.lang.reflect.Field.setAccessible(Field.java:172) ~[na:na]
	at com.baomidou.mybatisplus.core.metadata.TableFieldInfo.<init>(TableFieldInfo.java:337) ~[mybatis-plus-core-3.5.5.jar:3.5.5]
	at com.baomidou.mybatisplus.core.metadata.TableFieldInfo.<init>(TableFieldInfo.java:325) ~[mybatis-plus-core-3.5.5.jar:3.5.5]
	at com.baomidou.mybatisplus.core.metadata.TableInfoHelper.initTableFields(TableInfoHelper.java:366) ~[mybatis-plus-core-3.5.5.jar:3.5.5]
	at com.baomidou.mybatisplus.core.metadata.TableInfoHelper.initTableInfo(TableInfoHelper.java:198) ~[mybatis-plus-core-3.5.5.jar:3.5.5]
	at com.baomidou.mybatisplus.core.metadata.TableInfoHelper.initTableInfo(TableInfoHelper.java:174) ~[mybatis-plus-core-3.5.5.jar:3.5.5]
	at com.baomidou.mybatisplus.core.injector.AbstractSqlInjector.inspectInject(AbstractSqlInjector.java:48) ~[mybatis-plus-core-3.5.5.jar:3.5.5]
	at com.baomidou.mybatisplus.core.MybatisMapperAnnotationBuilder.parserInjector(MybatisMapperAnnotationBuilder.java:130) ~[mybatis-plus-core-3.5.5.jar:3.5.5]
	at com.baomidou.mybatisplus.core.MybatisMapperAnnotationBuilder.parse(MybatisMapperAnnotationBuilder.java:120) ~[mybatis-plus-core-3.5.5.jar:3.5.5]
	at com.baomidou.mybatisplus.core.MybatisMapperRegistry.addMapper(MybatisMapperRegistry.java:90) ~[mybatis-plus-core-3.5.5.jar:3.5.5]
	at com.baomidou.mybatisplus.core.MybatisConfiguration.addMapper(MybatisConfiguration.java:129) ~[mybatis-plus-core-3.5.5.jar:3.5.5]
	at org.apache.ibatis.builder.xml.XMLMapperBuilder.bindMapperForNamespace(XMLMapperBuilder.java:444) ~[mybatis-3.5.15.jar:3.5.15]
	at org.apache.ibatis.builder.xml.XMLMapperBuilder.parse(XMLMapperBuilder.java:102) ~[mybatis-3.5.15.jar:3.5.15]
	at com.baomidou.mybatisplus.extension.spring.MybatisSqlSessionFactoryBean.buildSqlSessionFactory(MybatisSqlSessionFactoryBean.java:562) ~[mybatis-plus-extension-3.5.5.jar:3.5.5]
	... 68 common frames omitted

2025-07-14 20:09:29.233  INFO 1000 --- [main] com.mengnankk.Application                : Starting Application on mengnankk with PID 1000 (E:\github\dianping\target\classes started by ikeife in E:\github\dianping)
2025-07-14 20:09:29.235 DEBUG 1000 --- [main] com.mengnankk.Application                : Running with Spring Boot v2.3.12.RELEASE, Spring v5.2.15.RELEASE
2025-07-14 20:09:29.236  INFO 1000 --- [main] com.mengnankk.Application                : No active profile set, falling back to default profiles: default
2025-07-14 20:09:29.783  INFO 1000 --- [main] .s.d.r.c.RepositoryConfigurationDelegate : Multiple Spring Data modules found, entering strict repository configuration mode!
2025-07-14 20:09:29.785  INFO 1000 --- [main] .s.d.r.c.RepositoryConfigurationDelegate : Bootstrapping Spring Data Redis repositories in DEFAULT mode.
2025-07-14 20:09:29.806  INFO 1000 --- [main] .s.d.r.c.RepositoryConfigurationDelegate : Finished Spring Data repository scanning in 13ms. Found 0 Redis repository interfaces.
2025-07-14 20:09:30.271  INFO 1000 --- [main] o.s.b.w.embedded.tomcat.TomcatWebServer  : Tomcat initialized with port(s): 8081 (http)
2025-07-14 20:09:30.279  INFO 1000 --- [main] o.apache.catalina.core.StandardService   : Starting service [Tomcat]
2025-07-14 20:09:30.279  INFO 1000 --- [main] org.apache.catalina.core.StandardEngine  : Starting Servlet engine: [Apache Tomcat/9.0.46]
2025-07-14 20:09:30.376  INFO 1000 --- [main] o.a.c.c.C.[Tomcat].[localhost].[/]       : Initializing Spring embedded WebApplicationContext
2025-07-14 20:09:30.376  INFO 1000 --- [main] w.s.c.ServletWebServerApplicationContext : Root WebApplicationContext: initialization completed in 1105 ms
2025-07-14 20:09:30.834  WARN 1000 --- [main] c.b.m.core.metadata.TableInfoHelper      : Can not find table primary key in Class: "java.security.Permission".
2025-07-14 20:09:30.834  WARN 1000 --- [main] c.b.m.core.injector.DefaultSqlInjector   : class java.security.Permission ,Not found @TableId annotation, Cannot use Mybatis-Plus 'xxById' Method.
2025-07-14 20:09:31.108  WARN 1000 --- [main] ConfigServletWebServerApplicationContext : Exception encountered during context initialization - cancelling refresh attempt: org.springframework.beans.factory.UnsatisfiedDependencyException: Error creating bean with name 'seckillVoucherConsumer': Unsatisfied dependency expressed through field 'couponService'; nested exception is org.springframework.beans.factory.BeanCreationException: Error creating bean with name 'couponServiceImpl' defined in file [E:\github\dianping\target\classes\com\mengnankk\service\Impl\CouponServiceImpl.class]: Instantiation of bean failed; nested exception is java.lang.ExceptionInInitializerError
2025-07-14 20:09:31.122  INFO 1000 --- [main] o.apache.catalina.core.StandardService   : Stopping service [Tomcat]
2025-07-14 20:09:31.131  INFO 1000 --- [main] ConditionEvaluationReportLoggingListener : 

Error starting ApplicationContext. To display the conditions report re-run your application with 'debug' enabled.
2025-07-14 20:09:31.139 ERROR 1000 --- [main] o.s.boot.SpringApplication               : Application run failed

org.springframework.beans.factory.UnsatisfiedDependencyException: Error creating bean with name 'seckillVoucherConsumer': Unsatisfied dependency expressed through field 'couponService'; nested exception is org.springframework.beans.factory.BeanCreationException: Error creating bean with name 'couponServiceImpl' defined in file [E:\github\dianping\target\classes\com\mengnankk\service\Impl\CouponServiceImpl.class]: Instantiation of bean failed; nested exception is java.lang.ExceptionInInitializerError
	at org.springframework.beans.factory.annotation.AutowiredAnnotationBeanPostProcessor$AutowiredFieldElement.resolveFieldValue(AutowiredAnnotationBeanPostProcessor.java:660) ~[spring-beans-5.2.15.RELEASE.jar:5.2.15.RELEASE]
	at org.springframework.beans.factory.annotation.AutowiredAnnotationBeanPostProcessor$AutowiredFieldElement.inject(AutowiredAnnotationBeanPostProcessor.java:640) ~[spring-beans-5.2.15.RELEASE.jar:5.2.15.RELEASE]
	at org.springframework.beans.factory.annotation.InjectionMetadata.inject(InjectionMetadata.java:119) ~[spring-beans-5.2.15.RELEASE.jar:5.2.15.RELEASE]
	at org.springframework.beans.factory.annotation.AutowiredAnnotationBeanPostProcessor.postProcessProperties(AutowiredAnnotationBeanPostProcessor.java:399) ~[spring-beans-5.2.15.RELEASE.jar:5.2.15.RELEASE]
	at org.springframework.beans.factory.support.AbstractAutowireCapableBeanFactory.populateBean(AbstractAutowireCapableBeanFactory.java:1425) ~[spring-beans-5.2.15.RELEASE.jar:5.2.15.RELEASE]
	at org.springframework.beans.factory.support.AbstractAutowireCapableBeanFactory.doCreateBean(AbstractAutowireCapableBeanFactory.java:593) ~[spring-beans-5.2.15.RELEASE.jar:5.2.15.RELEASE]
	at org.springframework.beans.factory.support.AbstractAutowireCapableBeanFactory.createBean(AbstractAutowireCapableBeanFactory.java:516) ~[spring-beans-5.2.15.RELEASE.jar:5.2.15.RELEASE]
	at org.springframework.beans.factory.support.AbstractBeanFactory.lambda$doGetBean$0(AbstractBeanFactory.java:324) ~[spring-beans-5.2.15.RELEASE.jar:5.2.15.RELEASE]
	at org.springframework.beans.factory.support.DefaultSingletonBeanRegistry.getSingleton(DefaultSingletonBeanRegistry.java:234) ~[spring-beans-5.2.15.RELEASE.jar:5.2.15.RELEASE]
	at org.springframework.beans.factory.support.AbstractBeanFactory.doGetBean(AbstractBeanFactory.java:322) ~[spring-beans-5.2.15.RELEASE.jar:5.2.15.RELEASE]
	at org.springframework.beans.factory.support.AbstractBeanFactory.getBean(AbstractBeanFactory.java:202) ~[spring-beans-5.2.15.RELEASE.jar:5.2.15.RELEASE]
	at org.springframework.beans.factory.support.DefaultListableBeanFactory.preInstantiateSingletons(DefaultListableBeanFactory.java:897) ~[spring-beans-5.2.15.RELEASE.jar:5.2.15.RELEASE]
	at org.springframework.context.support.AbstractApplicationContext.finishBeanFactoryInitialization(AbstractApplicationContext.java:879) ~[spring-context-5.2.15.RELEASE.jar:5.2.15.RELEASE]
	at org.springframework.context.support.AbstractApplicationContext.refresh(AbstractApplicationContext.java:551) ~[spring-context-5.2.15.RELEASE.jar:5.2.15.RELEASE]
	at org.springframework.boot.web.servlet.context.ServletWebServerApplicationContext.refresh(ServletWebServerApplicationContext.java:143) ~[spring-boot-2.3.12.RELEASE.jar:2.3.12.RELEASE]
	at org.springframework.boot.SpringApplication.refresh(SpringApplication.java:755) ~[spring-boot-2.3.12.RELEASE.jar:2.3.12.RELEASE]
	at org.springframework.boot.SpringApplication.refresh(SpringApplication.java:747) ~[spring-boot-2.3.12.RELEASE.jar:2.3.12.RELEASE]
	at org.springframework.boot.SpringApplication.refreshContext(SpringApplication.java:402) ~[spring-boot-2.3.12.RELEASE.jar:2.3.12.RELEASE]
	at org.springframework.boot.SpringApplication.run(SpringApplication.java:312) ~[spring-boot-2.3.12.RELEASE.jar:2.3.12.RELEASE]
	at org.springframework.boot.SpringApplication.run(SpringApplication.java:1247) ~[spring-boot-2.3.12.RELEASE.jar:2.3.12.RELEASE]
	at org.springframework.boot.SpringApplication.run(SpringApplication.java:1236) ~[spring-boot-2.3.12.RELEASE.jar:2.3.12.RELEASE]
	at com.mengnankk.Application.main(Application.java:15) ~[classes/:na]
Caused by: org.springframework.beans.factory.BeanCreationException: Error creating bean with name 'couponServiceImpl' defined in file [E:\github\dianping\target\classes\com\mengnankk\service\Impl\CouponServiceImpl.class]: Instantiation of bean failed; nested exception is java.lang.ExceptionInInitializerError
	at org.springframework.beans.factory.support.AbstractAutowireCapableBeanFactory.instantiateBean(AbstractAutowireCapableBeanFactory.java:1323) ~[spring-beans-5.2.15.RELEASE.jar:5.2.15.RELEASE]
	at org.springframework.beans.factory.support.AbstractAutowireCapableBeanFactory.createBeanInstance(AbstractAutowireCapableBeanFactory.java:1218) ~[spring-beans-5.2.15.RELEASE.jar:5.2.15.RELEASE]
	at org.springframework.beans.factory.support.AbstractAutowireCapableBeanFactory.doCreateBean(AbstractAutowireCapableBeanFactory.java:556) ~[spring-beans-5.2.15.RELEASE.jar:5.2.15.RELEASE]
	at org.springframework.beans.factory.support.AbstractAutowireCapableBeanFactory.createBean(AbstractAutowireCapableBeanFactory.java:516) ~[spring-beans-5.2.15.RELEASE.jar:5.2.15.RELEASE]
	at org.springframework.beans.factory.support.AbstractBeanFactory.lambda$doGetBean$0(AbstractBeanFactory.java:324) ~[spring-beans-5.2.15.RELEASE.jar:5.2.15.RELEASE]
	at org.springframework.beans.factory.support.DefaultSingletonBeanRegistry.getSingleton(DefaultSingletonBeanRegistry.java:234) ~[spring-beans-5.2.15.RELEASE.jar:5.2.15.RELEASE]
	at org.springframework.beans.factory.support.AbstractBeanFactory.doGetBean(AbstractBeanFactory.java:322) ~[spring-beans-5.2.15.RELEASE.jar:5.2.15.RELEASE]
	at org.springframework.beans.factory.support.AbstractBeanFactory.getBean(AbstractBeanFactory.java:202) ~[spring-beans-5.2.15.RELEASE.jar:5.2.15.RELEASE]
	at org.springframework.beans.factory.config.DependencyDescriptor.resolveCandidate(DependencyDescriptor.java:276) ~[spring-beans-5.2.15.RELEASE.jar:5.2.15.RELEASE]
	at org.springframework.beans.factory.support.DefaultListableBeanFactory.doResolveDependency(DefaultListableBeanFactory.java:1307) ~[spring-beans-5.2.15.RELEASE.jar:5.2.15.RELEASE]
	at org.springframework.beans.factory.support.DefaultListableBeanFactory.resolveDependency(DefaultListableBeanFactory.java:1227) ~[spring-beans-5.2.15.RELEASE.jar:5.2.15.RELEASE]
	at org.springframework.beans.factory.annotation.AutowiredAnnotationBeanPostProcessor$AutowiredFieldElement.resolveFieldValue(AutowiredAnnotationBeanPostProcessor.java:657) ~[spring-beans-5.2.15.RELEASE.jar:5.2.15.RELEASE]
	... 21 common frames omitted
Caused by: java.lang.ExceptionInInitializerError: null
	at java.base/jdk.internal.reflect.NativeConstructorAccessorImpl.newInstance0(Native Method) ~[na:na]
	at java.base/jdk.internal.reflect.NativeConstructorAccessorImpl.newInstance(NativeConstructorAccessorImpl.java:77) ~[na:na]
	at java.base/jdk.internal.reflect.DelegatingConstructorAccessorImpl.newInstance(DelegatingConstructorAccessorImpl.java:45) ~[na:na]
	at java.base/java.lang.reflect.Constructor.newInstanceWithCaller(Constructor.java:499) ~[na:na]
	at java.base/java.lang.reflect.Constructor.newInstance(Constructor.java:480) ~[na:na]
	at org.springframework.beans.BeanUtils.instantiateClass(BeanUtils.java:204) ~[spring-beans-5.2.15.RELEASE.jar:5.2.15.RELEASE]
	at org.springframework.beans.factory.support.SimpleInstantiationStrategy.instantiate(SimpleInstantiationStrategy.java:87) ~[spring-beans-5.2.15.RELEASE.jar:5.2.15.RELEASE]
	at org.springframework.beans.factory.support.AbstractAutowireCapableBeanFactory.instantiateBean(AbstractAutowireCapableBeanFactory.java:1315) ~[spring-beans-5.2.15.RELEASE.jar:5.2.15.RELEASE]
	... 32 common frames omitted
Caused by: cn.hutool.core.io.resource.NoResourceException: Resource of path [lua/seckill.lua] not exist!
	at cn.hutool.core.io.resource.ClassPathResource.initUrl(ClassPathResource.java:122) ~[hutool-all-5.7.17.jar:na]
	at cn.hutool.core.io.resource.ClassPathResource.<init>(ClassPathResource.java:74) ~[hutool-all-5.7.17.jar:na]
	at cn.hutool.core.io.resource.ClassPathResource.<init>(ClassPathResource.java:34) ~[hutool-all-5.7.17.jar:na]
	at com.mengnankk.service.Impl.CouponServiceImpl.<clinit>(CouponServiceImpl.java:68) ~[classes/:na]
	... 40 common frames omitted

